Using pre-set license
Built from '2022.3/release' branch; Version is '2022.3.20f1 (61c2feb0970d) revision 6406910'; Using compiler version '192829333'; Build Type 'Release'
OS: 'Windows 11  (10.0.22631) 64bit Professional' Language: 'ru' Physical Memory: 32627 MB
BatchMode: 1, IsHumanControllingUs: 0, StartBugReporterOnCrash: 0, Is64bit: 1, IsPro: 1

COMMAND LINE ARGUMENTS:
S:\Program Files\Unity Hub\2022.3.20f1\Editor\Unity.exe
-adb2
-batchMode
-noUpm
-name
AssetImportWorker2
-projectPath
S:/Users/torch/Documents/gamedev/unity/Village/Forest
-logFile
Logs/AssetImportWorker2.log
-srvPort
51385
Successfully changed project path to: S:/Users/torch/Documents/gamedev/unity/Village/Forest
S:/Users/torch/Documents/gamedev/unity/Village/Forest
[UnityMemory] Configuration Parameters - Can be set up in boot.config
    "memorysetup-bucket-allocator-granularity=16"
    "memorysetup-bucket-allocator-bucket-count=8"
    "memorysetup-bucket-allocator-block-size=33554432"
    "memorysetup-bucket-allocator-block-count=8"
    "memorysetup-main-allocator-block-size=16777216"
    "memorysetup-thread-allocator-block-size=16777216"
    "memorysetup-gfx-main-allocator-block-size=16777216"
    "memorysetup-gfx-thread-allocator-block-size=16777216"
    "memorysetup-cache-allocator-block-size=4194304"
    "memorysetup-typetree-allocator-block-size=2097152"
    "memorysetup-profiler-bucket-allocator-granularity=16"
    "memorysetup-profiler-bucket-allocator-bucket-count=8"
    "memorysetup-profiler-bucket-allocator-block-size=33554432"
    "memorysetup-profiler-bucket-allocator-block-count=8"
    "memorysetup-profiler-allocator-block-size=16777216"
    "memorysetup-profiler-editor-allocator-block-size=1048576"
    "memorysetup-temp-allocator-size-main=16777216"
    "memorysetup-job-temp-allocator-block-size=2097152"
    "memorysetup-job-temp-allocator-block-size-background=1048576"
    "memorysetup-job-temp-allocator-reduction-small-platforms=262144"
    "memorysetup-allocator-temp-initial-block-size-main=262144"
    "memorysetup-allocator-temp-initial-block-size-worker=262144"
    "memorysetup-temp-allocator-size-background-worker=32768"
    "memorysetup-temp-allocator-size-job-worker=262144"
    "memorysetup-temp-allocator-size-preload-manager=33554432"
    "memorysetup-temp-allocator-size-nav-mesh-worker=65536"
    "memorysetup-temp-allocator-size-audio-worker=65536"
    "memorysetup-temp-allocator-size-cloud-worker=32768"
    "memorysetup-temp-allocator-size-gi-baking-worker=262144"
    "memorysetup-temp-allocator-size-gfx=262144"
Player connection [6200] Host "[IP] 192.168.0.18 [Port] 0 [Flags] 2 [Guid] 691083037 [EditorId] 691083037 [Version] 1048832 [Id] WindowsEditor(7,Treasure) [Debug] 1 [PackageName] WindowsEditor [ProjectName] Editor" joined multi-casting on [225.0.0.222:54997]...

Player connection [6200] Host "[IP] 192.168.0.18 [Port] 0 [Flags] 2 [Guid] 691083037 [EditorId] 691083037 [Version] 1048832 [Id] WindowsEditor(7,Treasure) [Debug] 1 [PackageName] WindowsEditor [ProjectName] Editor" joined alternative multi-casting on [225.0.0.222:34997]...

[Physics::Module] Initialized MultithreadedJobDispatcher with 11 workers.
Refreshing native plugins compatible for Editor in 4.80 ms, found 3 plugins.
Preloading 0 native plugins for Editor in 0.00 ms.
Initialize engine version: 2022.3.20f1 (61c2feb0970d)
[Subsystems] Discovering subsystems at path S:/Program Files/Unity Hub/2022.3.20f1/Editor/Data/Resources/UnitySubsystems
[Subsystems] Discovering subsystems at path S:/Users/torch/Documents/gamedev/unity/Village/Forest/Assets
GfxDevice: creating device client; threaded=0; jobified=0
Direct3D:
    Version:  Direct3D 11.0 [level 11.1]
    Renderer: NVIDIA GeForce RTX 3060 (ID=0x2487)
    Vendor:   NVIDIA
    VRAM:     12110 MB
    Driver:   31.0.15.5186
Initialize mono
Mono path[0] = 'S:/Program Files/Unity Hub/2022.3.20f1/Editor/Data/Managed'
Mono path[1] = 'S:/Program Files/Unity Hub/2022.3.20f1/Editor/Data/MonoBleedingEdge/lib/mono/unityjit-win32'
Mono config path = 'S:/Program Files/Unity Hub/2022.3.20f1/Editor/Data/MonoBleedingEdge/etc'
Using monoOptions --debugger-agent=transport=dt_socket,embedding=1,server=y,suspend=n,address=127.0.0.1:56300
Begin MonoManager ReloadAssembly
Registering precompiled unity dll's ...
Register platform support module: S:/Program Files/Unity Hub/2022.3.20f1/Editor/Data/PlaybackEngines/WebGLSupport/UnityEditor.WebGL.Extensions.dll
Register platform support module: S:/Program Files/Unity Hub/2022.3.20f1/Editor/Data/PlaybackEngines/WindowsStandaloneSupport/UnityEditor.WindowsStandalone.Extensions.dll
Registered in 0.002597 seconds.
- Loaded All Assemblies, in  0.354 seconds
Native extension for WindowsStandalone target not found
Native extension for WebGL target not found
Mono: successfully reloaded assembly
- Finished resetting the current domain, in  0.196 seconds
Domain Reload Profiling: 550ms
	BeginReloadAssembly (141ms)
		ExecutionOrderSort (0ms)
		DisableScriptedObjects (0ms)
		BackupInstance (0ms)
		ReleaseScriptingObjects (0ms)
		CreateAndSetChildDomain (1ms)
	RebuildCommonClasses (28ms)
	RebuildNativeTypeToScriptingClass (8ms)
	initialDomainReloadingComplete (40ms)
	LoadAllAssembliesAndSetupDomain (137ms)
		LoadAssemblies (142ms)
		RebuildTransferFunctionScriptingTraits (0ms)
		AnalyzeDomain (134ms)
			TypeCache.Refresh (133ms)
				TypeCache.ScanAssembly (118ms)
			ScanForSourceGeneratedMonoScriptInfo (0ms)
			ResolveRequiredComponents (1ms)
	FinalizeReload (196ms)
		ReleaseScriptCaches (0ms)
		RebuildScriptCaches (0ms)
		SetupLoadedEditorAssemblies (155ms)
			LogAssemblyErrors (0ms)
			InitializePlatformSupportModulesInManaged (6ms)
			SetLoadedEditorAssemblies (4ms)
			RefreshPlugins (0ms)
			BeforeProcessingInitializeOnLoad (1ms)
			ProcessInitializeOnLoadAttributes (105ms)
			ProcessInitializeOnLoadMethodAttributes (38ms)
			AfterProcessingInitializeOnLoad (0ms)
			EditorAssembliesLoaded (0ms)
		ExecutionOrderSort2 (0ms)
		AwakeInstancesAfterBackupRestoration (0ms)
========================================================================
Worker process is ready to serve import requests
Begin MonoManager ReloadAssembly
Symbol file LoadedFromMemory is not a mono symbol file
- Loaded All Assemblies, in  0.536 seconds
Refreshing native plugins compatible for Editor in 1.38 ms, found 3 plugins.
Native extension for WindowsStandalone target not found
Native extension for WebGL target not found
Package Manager log level set to [2]
[Package Manager] Server::EnsureServerProcessIsRunning -- launch failed, reason: Unity was launched with the -noUpm command-line argument
[Package Manager] UpmClient::Send -- Unable to send message (not connected to UPM process).
[Package Manager] Cannot connect to Unity Package Manager local server
Mono: successfully reloaded assembly
- Finished resetting the current domain, in  0.490 seconds
Domain Reload Profiling: 1027ms
	BeginReloadAssembly (112ms)
		ExecutionOrderSort (0ms)
		DisableScriptedObjects (4ms)
		BackupInstance (0ms)
		ReleaseScriptingObjects (0ms)
		CreateAndSetChildDomain (13ms)
	RebuildCommonClasses (23ms)
	RebuildNativeTypeToScriptingClass (7ms)
	initialDomainReloadingComplete (25ms)
	LoadAllAssembliesAndSetupDomain (369ms)
		LoadAssemblies (273ms)
		RebuildTransferFunctionScriptingTraits (0ms)
		AnalyzeDomain (163ms)
			TypeCache.Refresh (145ms)
				TypeCache.ScanAssembly (129ms)
			ScanForSourceGeneratedMonoScriptInfo (14ms)
			ResolveRequiredComponents (3ms)
	FinalizeReload (491ms)
		ReleaseScriptCaches (0ms)
		RebuildScriptCaches (0ms)
		SetupLoadedEditorAssemblies (385ms)
			LogAssemblyErrors (0ms)
			InitializePlatformSupportModulesInManaged (3ms)
			SetLoadedEditorAssemblies (2ms)
			RefreshPlugins (0ms)
			BeforeProcessingInitializeOnLoad (36ms)
			ProcessInitializeOnLoadAttributes (327ms)
			ProcessInitializeOnLoadMethodAttributes (14ms)
			AfterProcessingInitializeOnLoad (1ms)
			EditorAssembliesLoaded (0ms)
		ExecutionOrderSort2 (0ms)
		AwakeInstancesAfterBackupRestoration (5ms)
Launched and connected shader compiler UnityShaderCompiler.exe after 0.04 seconds
Refreshing native plugins compatible for Editor in 2.17 ms, found 3 plugins.
Preloading 0 native plugins for Editor in 0.00 ms.
Unloading 3172 Unused Serialized files (Serialized files now loaded: 0)
Unloading 35 unused Assets / (96.8 KB). Loaded Objects now: 3663.
Memory consumption went from 143.1 MB to 143.0 MB.
Total: 2.987100 ms (FindLiveObjects: 0.174000 ms CreateObjectMapping: 0.064100 ms MarkObjects: 2.612100 ms  DeleteObjects: 0.136200 ms)

AssetImportParameters requested are different than current active one (requested -> active):
  custom:container-demuxer-ogg: 62fdf1f143b41e24485cea50d1cbac27 -> 
  custom:video-codec-MediaFoundation-h265: 746d11721c4dcdbdad8f713fa42b33f4 -> 
  custom:video-decoder-ogg-theora: a1e56fd34408186e4bbccfd4996cb3dc -> 
  custom:framework-win-MediaFoundation: 216162199b28c13a410421893ffa2e32 -> 
  custom:CustomObjectIndexerAttribute: 6d391050e5a25f67b0a2c618074f2cd9 -> 
  custom:container-demuxer-webm: 4f35f7cbe854078d1ac9338744f61a02 -> 
  custom:container-muxer-webm: aa71ff27fc2769a1b78a27578f13a17b -> 
  custom:video-decoder-webm-vp8: 9c59270c3fd7afecdb556c50c9e8de78 -> 
  custom:SearchIndexIgnoredProperties: e643bd26f0fe6173181afceb89e7c659 -> 
  custom:AudioImporter_EditorPlatform: d09bf68614088b80899f8185d706f6e7 -> 
  custom:video-encoder-webm-vp8: eb34c28f22e8b96e1ab97ce403110664 -> 
  custom:audio-decoder-ogg-vorbis: bf7c407c2cedff20999df2af8eb42d56 -> 
  custom:audio-encoder-webm-vorbis: bf7c407c2cedff20999df2af8eb42d56 -> 
========================================================================
Received Import Request.
  Time since last request: 3007.418751 seconds.
  path: Assets/Imported Assets/FantasyMedievalTown_LITE/Prefabs
  artifactKey: Guid(9571666231d8d2a4bb5300473abffefd) Importer(815301076,1909f56bfc062723c751e8b465ee728b)
Start importing Assets/Imported Assets/FantasyMedievalTown_LITE/Prefabs using Guid(9571666231d8d2a4bb5300473abffefd) Importer(815301076,1909f56bfc062723c751e8b465ee728b)  -> (artifact id: '1107a9252b6c5e9e7eef8ccfff5445c0') in 0.017444 seconds
Number of updated asset objects reloaded before import = 0
Number of asset objects unloaded after import = 0
========================================================================
Received Import Request.
  Time since last request: 7.184272 seconds.
  path: Assets/Imported Assets/FantasyMedievalTown_LITE/Scenes
  artifactKey: Guid(a28010e8d4e2e1740a8ebc17800beaee) Importer(815301076,1909f56bfc062723c751e8b465ee728b)
Start importing Assets/Imported Assets/FantasyMedievalTown_LITE/Scenes using Guid(a28010e8d4e2e1740a8ebc17800beaee) Importer(815301076,1909f56bfc062723c751e8b465ee728b)  -> (artifact id: '264d3df2447fd6f0c3581b1cb248e078') in 0.000398 seconds
Number of updated asset objects reloaded before import = 0
Number of asset objects unloaded after import = 0
========================================================================
Received Import Request.
  Time since last request: 6.471501 seconds.
  path: Assets/Imported Assets/FantasyMedievalTown_LITE/FantasyMedievalTownLITE_2021.3_URP_1.0.unitypackage
  artifactKey: Guid(69c59579834f23644a763f123aeb5ac5) Importer(815301076,1909f56bfc062723c751e8b465ee728b)
Start importing Assets/Imported Assets/FantasyMedievalTown_LITE/FantasyMedievalTownLITE_2021.3_URP_1.0.unitypackage using Guid(69c59579834f23644a763f123aeb5ac5) Importer(815301076,1909f56bfc062723c751e8b465ee728b)  -> (artifact id: '9bf60afa45c169af7a510acd9ada05d9') in 0.007682 seconds
Number of updated asset objects reloaded before import = 0
Number of asset objects unloaded after import = 1
========================================================================
Received Import Request.
  Time since last request: 30.636439 seconds.
  path: Assets/Imported Assets/LowPolyFarmLite/Materials
  artifactKey: Guid(f7fdccaafb4495348b807eba4cb4cc82) Importer(815301076,1909f56bfc062723c751e8b465ee728b)
Start importing Assets/Imported Assets/LowPolyFarmLite/Materials using Guid(f7fdccaafb4495348b807eba4cb4cc82) Importer(815301076,1909f56bfc062723c751e8b465ee728b)  -> (artifact id: '425b41192927b35118dcfb91c9c75fde') in 0.000395 seconds
Number of updated asset objects reloaded before import = 0
Number of asset objects unloaded after import = 0
========================================================================
Received Import Request.
  Time since last request: 2.225120 seconds.
  path: Assets/Imported Assets/LowPolyFarmLite/Models
  artifactKey: Guid(f2b0f3a6eb99b41409350fabfd873296) Importer(815301076,1909f56bfc062723c751e8b465ee728b)
Start importing Assets/Imported Assets/LowPolyFarmLite/Models using Guid(f2b0f3a6eb99b41409350fabfd873296) Importer(815301076,1909f56bfc062723c751e8b465ee728b)  -> (artifact id: '625c5e48c6fc35f7968d2d0ee1615e89') in 0.000386 seconds
Number of updated asset objects reloaded before import = 0
Number of asset objects unloaded after import = 0
========================================================================
Received Import Request.
  Time since last request: 8.962635 seconds.
  path: Assets/Imported Assets/LowPolyFarmLite/LowPolyFarmLite_2020.3_URP_v1.02.unitypackage
  artifactKey: Guid(f2170465ab346864fb9bbd4d5ae14559) Importer(815301076,1909f56bfc062723c751e8b465ee728b)
Start importing Assets/Imported Assets/LowPolyFarmLite/LowPolyFarmLite_2020.3_URP_v1.02.unitypackage using Guid(f2170465ab346864fb9bbd4d5ae14559) Importer(815301076,1909f56bfc062723c751e8b465ee728b)  -> (artifact id: 'e31f98107a74284e25460b0446a44814') in 0.000787 seconds
Number of updated asset objects reloaded before import = 0
Number of asset objects unloaded after import = 1
========================================================================
Received Import Request.
  Time since last request: 3.035423 seconds.
  path: Assets/Imported Assets/LowPolyFarmLite/Prefabs
  artifactKey: Guid(2c1d683bd08bd8a4bb1c3c6496009f72) Importer(815301076,1909f56bfc062723c751e8b465ee728b)
Start importing Assets/Imported Assets/LowPolyFarmLite/Prefabs using Guid(2c1d683bd08bd8a4bb1c3c6496009f72) Importer(815301076,1909f56bfc062723c751e8b465ee728b)  -> (artifact id: '806e0012a64802aaafddd52ef905ee54') in 0.000389 seconds
Number of updated asset objects reloaded before import = 0
Number of asset objects unloaded after import = 0
========================================================================
Received Import Request.
  Time since last request: 846.683062 seconds.
  path: Assets/Imported Assets/SimpleNaturePack
  artifactKey: Guid(30341396a589664418cb8e33d2b6dc29) Importer(815301076,1909f56bfc062723c751e8b465ee728b)
Start importing Assets/Imported Assets/SimpleNaturePack using Guid(30341396a589664418cb8e33d2b6dc29) Importer(815301076,1909f56bfc062723c751e8b465ee728b)  -> (artifact id: '1f481c92a12412f5835d9d6ced1de1fc') in 0.000614 seconds
Number of updated asset objects reloaded before import = 0
Number of asset objects unloaded after import = 0
========================================================================
Received Import Request.
  Time since last request: 1.879880 seconds.
  path: Assets/Imported Assets/SimpleNaturePack/Scenes
  artifactKey: Guid(cf7d20afeed25e648acff9bab9734317) Importer(815301076,1909f56bfc062723c751e8b465ee728b)
Start importing Assets/Imported Assets/SimpleNaturePack/Scenes using Guid(cf7d20afeed25e648acff9bab9734317) Importer(815301076,1909f56bfc062723c751e8b465ee728b)  -> (artifact id: '7afc3aa42562afbcff9b7f619ef5c506') in 0.011597 seconds
Number of updated asset objects reloaded before import = 0
Number of asset objects unloaded after import = 0
========================================================================
Received Import Request.
  Time since last request: 4.092012 seconds.
  path: Assets/Imported Assets/SimpleNaturePack/Models
  artifactKey: Guid(f2460ba6bbb1eee41b63499dcba676dc) Importer(815301076,1909f56bfc062723c751e8b465ee728b)
Start importing Assets/Imported Assets/SimpleNaturePack/Models using Guid(f2460ba6bbb1eee41b63499dcba676dc) Importer(815301076,1909f56bfc062723c751e8b465ee728b)  -> (artifact id: 'ccd048277cfc4a7611fee98da13225b0') in 0.000635 seconds
Number of updated asset objects reloaded before import = 0
Number of asset objects unloaded after import = 0
========================================================================
Received Import Request.
  Time since last request: 2.226620 seconds.
  path: Assets/Imported Assets/SimpleNaturePack/Prefabs
  artifactKey: Guid(245080b10b3a2d542a041d0b8f4fe0dc) Importer(815301076,1909f56bfc062723c751e8b465ee728b)
Start importing Assets/Imported Assets/SimpleNaturePack/Prefabs using Guid(245080b10b3a2d542a041d0b8f4fe0dc) Importer(815301076,1909f56bfc062723c751e8b465ee728b)  -> (artifact id: 'c9379c6368cd6e144ed952fa7bc8a7fe') in 0.000606 seconds
Number of updated asset objects reloaded before import = 0
Number of asset objects unloaded after import = 0
========================================================================
Received Import Request.
  Time since last request: 270.566597 seconds.
  path: Assets/Imported Assets/FantasyMedievalTown_LITE/Prefabs/House_01_LITE.prefab
  artifactKey: Guid(e8261a97a7f761c4e8efce96a79a4a28) Importer(815301076,1909f56bfc062723c751e8b465ee728b)
Start importing Assets/Imported Assets/FantasyMedievalTown_LITE/Prefabs/House_01_LITE.prefab using Guid(e8261a97a7f761c4e8efce96a79a4a28) Importer(815301076,1909f56bfc062723c751e8b465ee728b)  -> (artifact id: 'e0f63471962e59af42e130ed7e698393') in 0.098146 seconds
Number of updated asset objects reloaded before import = 0
Number of asset objects unloaded after import = 601
========================================================================
Received Import Request.
  Time since last request: 1.632935 seconds.
  path: Assets/Imported Assets/FantasyMedievalTown_LITE/Prefabs/House_01_LITE.prefab
  artifactKey: Guid(e8261a97a7f761c4e8efce96a79a4a28) Importer(815301076,1909f56bfc062723c751e8b465ee728b)
Start importing Assets/Imported Assets/FantasyMedievalTown_LITE/Prefabs/House_01_LITE.prefab using Guid(e8261a97a7f761c4e8efce96a79a4a28) Importer(815301076,1909f56bfc062723c751e8b465ee728b)  -> (artifact id: '1b9039cc74d8f7db6d4142decb11e616') in 0.016484 seconds
Number of updated asset objects reloaded before import = 0
Number of asset objects unloaded after import = 519
========================================================================
Received Import Request.
  Time since last request: 2.601682 seconds.
  path: Assets/Imported Assets/FantasyMedievalTown_LITE/Prefabs/House_01_LITE.prefab
  artifactKey: Guid(e8261a97a7f761c4e8efce96a79a4a28) Importer(815301076,1909f56bfc062723c751e8b465ee728b)
Start importing Assets/Imported Assets/FantasyMedievalTown_LITE/Prefabs/House_01_LITE.prefab using Guid(e8261a97a7f761c4e8efce96a79a4a28) Importer(815301076,1909f56bfc062723c751e8b465ee728b)  -> (artifact id: '358d057c324e396a9113bbfbb7dffede') in 0.022886 seconds
Number of updated asset objects reloaded before import = 0
Number of asset objects unloaded after import = 436
========================================================================
Received Import Request.
  Time since last request: 2.888346 seconds.
  path: Assets/Imported Assets/FantasyMedievalTown_LITE/Prefabs/House_01_LITE.prefab
  artifactKey: Guid(e8261a97a7f761c4e8efce96a79a4a28) Importer(815301076,1909f56bfc062723c751e8b465ee728b)
Start importing Assets/Imported Assets/FantasyMedievalTown_LITE/Prefabs/House_01_LITE.prefab using Guid(e8261a97a7f761c4e8efce96a79a4a28) Importer(815301076,1909f56bfc062723c751e8b465ee728b)  -> (artifact id: '66ab2a9e0c4a3b7949c59eb9402118b2') in 0.026403 seconds
Number of updated asset objects reloaded before import = 0
Number of asset objects unloaded after import = 398
========================================================================
Received Import Request.
  Time since last request: 7.290874 seconds.
  path: Assets/Imported Assets/FantasyMedievalTown_LITE/Prefabs/House_01_LITE.prefab
  artifactKey: Guid(e8261a97a7f761c4e8efce96a79a4a28) Importer(815301076,1909f56bfc062723c751e8b465ee728b)
Start importing Assets/Imported Assets/FantasyMedievalTown_LITE/Prefabs/House_01_LITE.prefab using Guid(e8261a97a7f761c4e8efce96a79a4a28) Importer(815301076,1909f56bfc062723c751e8b465ee728b)  -> (artifact id: '2dd334fc0575914a6a6b1a2e9ec8bb37') in 0.020143 seconds
Number of updated asset objects reloaded before import = 0
Number of asset objects unloaded after import = 294
========================================================================
Received Import Request.
  Time since last request: 2.842662 seconds.
  path: Assets/Imported Assets/FantasyMedievalTown_LITE/Prefabs/House_01_LITE.prefab
  artifactKey: Guid(e8261a97a7f761c4e8efce96a79a4a28) Importer(815301076,1909f56bfc062723c751e8b465ee728b)
Start importing Assets/Imported Assets/FantasyMedievalTown_LITE/Prefabs/House_01_LITE.prefab using Guid(e8261a97a7f761c4e8efce96a79a4a28) Importer(815301076,1909f56bfc062723c751e8b465ee728b)  -> (artifact id: '277b5e202fac4d7b3699c6bdf837e8e8') in 0.010873 seconds
Number of updated asset objects reloaded before import = 0
Number of asset objects unloaded after import = 208
========================================================================
Received Import Request.
  Time since last request: 138.876464 seconds.
  path: Assets/Terrain/OriginalTerraiin.asset
  artifactKey: Guid(27787e4878fe59e41a535ceda55e3926) Importer(815301076,1909f56bfc062723c751e8b465ee728b)
Start importing Assets/Terrain/OriginalTerraiin.asset using Guid(27787e4878fe59e41a535ceda55e3926) Importer(815301076,1909f56bfc062723c751e8b465ee728b)  -> (artifact id: '5c5f9d91e745a25cb68419016d191153') in 0.039045 seconds
Number of updated asset objects reloaded before import = 0
Number of asset objects unloaded after import = 87
========================================================================
Received Import Request.
  Time since last request: 4.963759 seconds.
  path: Assets/Terrain/Terrain.prefab
  artifactKey: Guid(fec741b169d227944a40fc11830f4655) Importer(815301076,1909f56bfc062723c751e8b465ee728b)
Start importing Assets/Terrain/Terrain.prefab using Guid(fec741b169d227944a40fc11830f4655) Importer(815301076,1909f56bfc062723c751e8b465ee728b)  -> (artifact id: 'fc5dfdda92429e3c69a697042f590d64') in 0.005495 seconds
Number of updated asset objects reloaded before import = 0
Number of asset objects unloaded after import = 6
========================================================================
Received Import Request.
  Time since last request: 1585.638259 seconds.
  path: Assets/Imported Assets/FantasyMedievalTown_LITE/Textures
  artifactKey: Guid(3024a3faf2e27bc49b38d395a7709a7d) Importer(815301076,1909f56bfc062723c751e8b465ee728b)
Start importing Assets/Imported Assets/FantasyMedievalTown_LITE/Textures using Guid(3024a3faf2e27bc49b38d395a7709a7d) Importer(815301076,1909f56bfc062723c751e8b465ee728b)  -> (artifact id: '1275452ae436e8f7f6b4a2a0fe9618f7') in 0.000642 seconds
Number of updated asset objects reloaded before import = 0
Number of asset objects unloaded after import = 0
========================================================================
Received Import Request.
  Time since last request: 1484.757271 seconds.
  path: Assets/Imported Assets/Stylize Water Texture
  artifactKey: Guid(f7b44a3094e6aa044b2662dec642d540) Importer(815301076,1909f56bfc062723c751e8b465ee728b)
Start importing Assets/Imported Assets/Stylize Water Texture using Guid(f7b44a3094e6aa044b2662dec642d540) Importer(815301076,1909f56bfc062723c751e8b465ee728b)  -> (artifact id: 'e5e4a94f91bdd9502e932f41c93764d4') in 0.012295 seconds
Number of updated asset objects reloaded before import = 0
Number of asset objects unloaded after import = 0
========================================================================
Received Import Request.
  Time since last request: 1914.550710 seconds.
  path: Assets/Imported Assets/SimpleNaturePack/SimpleNaturePack_2020.3_HDRP_v1.24.unitypackage
  artifactKey: Guid(58f7e79a87c79824597746e8c1bfe400) Importer(815301076,1909f56bfc062723c751e8b465ee728b)
Start importing Assets/Imported Assets/SimpleNaturePack/SimpleNaturePack_2020.3_HDRP_v1.24.unitypackage using Guid(58f7e79a87c79824597746e8c1bfe400) Importer(815301076,1909f56bfc062723c751e8b465ee728b)  -> (artifact id: 'bbfa62574fcea5af13acb52d149786a0') in 0.001272 seconds
Number of updated asset objects reloaded before import = 0
Number of asset objects unloaded after import = 1
========================================================================
Received Import Request.
  Time since last request: 337.643044 seconds.
  path: Assets/Imported Assets/Baker House/Readme.txt
  artifactKey: Guid(d3705b364f372754d8fcd902e196f624) Importer(815301076,1909f56bfc062723c751e8b465ee728b)
Start importing Assets/Imported Assets/Baker House/Readme.txt using Guid(d3705b364f372754d8fcd902e196f624) Importer(815301076,1909f56bfc062723c751e8b465ee728b)  -> (artifact id: '1babf686bfc5e2c2896d94a75cd1c80b') in 0.001217 seconds
Number of updated asset objects reloaded before import = 0
Number of asset objects unloaded after import = 1
========================================================================
Received Import Request.
  Time since last request: 7.868040 seconds.
  path: Assets/Imported Assets/Baker House/Prefabs
  artifactKey: Guid(8c127946d4071834aa245455490695b5) Importer(815301076,1909f56bfc062723c751e8b465ee728b)
Start importing Assets/Imported Assets/Baker House/Prefabs using Guid(8c127946d4071834aa245455490695b5) Importer(815301076,1909f56bfc062723c751e8b465ee728b)  -> (artifact id: '0ee50e31e63f7e0581b2a93b8d337583') in 0.000603 seconds
Number of updated asset objects reloaded before import = 0
Number of asset objects unloaded after import = 0
========================================================================
Received Import Request.
  Time since last request: 231.878196 seconds.
  path: Assets/Imported Assets/SimpleNaturePack/Textures
  artifactKey: Guid(2d44b6cffc02046488649c55d0f4d79e) Importer(815301076,1909f56bfc062723c751e8b465ee728b)
Start importing Assets/Imported Assets/SimpleNaturePack/Textures using Guid(2d44b6cffc02046488649c55d0f4d79e) Importer(815301076,1909f56bfc062723c751e8b465ee728b)  -> (artifact id: '770fad22d1031dc1df97cdee8f02eae1') in 0.000625 seconds
Number of updated asset objects reloaded before import = 0
Number of asset objects unloaded after import = 0
========================================================================
Received Import Request.
  Time since last request: 211.763743 seconds.
  path: Assets/Imported Assets/Handpainted_Grass_and_Ground_Textures/Demo/terrain_layers/Grass_swamp_normal_down.terrainlayer
  artifactKey: Guid(05929a4aec087074ba39c7059d3324c2) Importer(815301076,1909f56bfc062723c751e8b465ee728b)
Start importing Assets/Imported Assets/Handpainted_Grass_and_Ground_Textures/Demo/terrain_layers/Grass_swamp_normal_down.terrainlayer using Guid(05929a4aec087074ba39c7059d3324c2) Importer(815301076,1909f56bfc062723c751e8b465ee728b)  -> (artifact id: '04abe70d6be9b61c191d527ba2e35e15') in 0.050197 seconds
Number of updated asset objects reloaded before import = 0
Number of asset objects unloaded after import = 2
========================================================================
Received Import Request.
  Time since last request: 0.000024 seconds.
  path: Assets/Imported Assets/Handpainted_Grass_and_Ground_Textures/Demo/terrain_layers/Grass_swamp_normal_up.terrainlayer
  artifactKey: Guid(69952f0c7c34dca489b4215ee2e77310) Importer(815301076,1909f56bfc062723c751e8b465ee728b)
Start importing Assets/Imported Assets/Handpainted_Grass_and_Ground_Textures/Demo/terrain_layers/Grass_swamp_normal_up.terrainlayer using Guid(69952f0c7c34dca489b4215ee2e77310) Importer(815301076,1909f56bfc062723c751e8b465ee728b)  -> (artifact id: '15b675d0b0b256907d70b3bae1fdd96d') in 0.041935 seconds
Number of updated asset objects reloaded before import = 0
Number of asset objects unloaded after import = 2
========================================================================
Received Import Request.
  Time since last request: 0.000020 seconds.
  path: Assets/Imported Assets/Handpainted_Grass_and_Ground_Textures/Demo/terrain_layers/NewLayer 2.terrainlayer
  artifactKey: Guid(c9596995c83910a47a4acd06fdb3b027) Importer(815301076,1909f56bfc062723c751e8b465ee728b)
Start importing Assets/Imported Assets/Handpainted_Grass_and_Ground_Textures/Demo/terrain_layers/NewLayer 2.terrainlayer using Guid(c9596995c83910a47a4acd06fdb3b027) Importer(815301076,1909f56bfc062723c751e8b465ee728b)  -> (artifact id: '7643afd8a032b598906d656bc67fe9da') in 0.001057 seconds
Number of updated asset objects reloaded before import = 0
Number of asset objects unloaded after import = 1
========================================================================
Received Import Request.
  Time since last request: 0.000009 seconds.
  path: Assets/Imported Assets/Handpainted_Grass_and_Ground_Textures/Demo/terrain_layers/NewLayer 1.terrainlayer
  artifactKey: Guid(0cafbabc50bb41a49b63a39566fbea86) Importer(815301076,1909f56bfc062723c751e8b465ee728b)
Start importing Assets/Imported Assets/Handpainted_Grass_and_Ground_Textures/Demo/terrain_layers/NewLayer 1.terrainlayer using Guid(0cafbabc50bb41a49b63a39566fbea86) Importer(815301076,1909f56bfc062723c751e8b465ee728b)  -> (artifact id: '03b66e858d3acbc72d3c9e0f6a49dcb7') in 0.000855 seconds
Number of updated asset objects reloaded before import = 0
Number of asset objects unloaded after import = 1
========================================================================
Received Import Request.
  Time since last request: 0.006230 seconds.
  path: Assets/Imported Assets/Handpainted_Grass_and_Ground_Textures/Demo/terrain_layers/NewLayer 3.terrainlayer
  artifactKey: Guid(84b7b834be2edbb4f8b44031fb25e78f) Importer(815301076,1909f56bfc062723c751e8b465ee728b)
Start importing Assets/Imported Assets/Handpainted_Grass_and_Ground_Textures/Demo/terrain_layers/NewLayer 3.terrainlayer using Guid(84b7b834be2edbb4f8b44031fb25e78f) Importer(815301076,1909f56bfc062723c751e8b465ee728b)  -> (artifact id: 'b7920412524e81bebec43e442243b7c4') in 0.001777 seconds
Number of updated asset objects reloaded before import = 0
Number of asset objects unloaded after import = 1
========================================================================
Received Import Request.
  Time since last request: 0.001353 seconds.
  path: Assets/Imported Assets/Handpainted_Grass_and_Ground_Textures/Demo/terrain_layers/NewLayer 4.terrainlayer
  artifactKey: Guid(2a1ab16f1ef6a1c49ab0b6dea49c39f4) Importer(815301076,1909f56bfc062723c751e8b465ee728b)
Start importing Assets/Imported Assets/Handpainted_Grass_and_Ground_Textures/Demo/terrain_layers/NewLayer 4.terrainlayer using Guid(2a1ab16f1ef6a1c49ab0b6dea49c39f4) Importer(815301076,1909f56bfc062723c751e8b465ee728b)  -> (artifact id: '37c87449fa2b513c6f2cbefc53152d2d') in 0.001296 seconds
Number of updated asset objects reloaded before import = 0
Number of asset objects unloaded after import = 1
========================================================================
Received Import Request.
  Time since last request: 0.515409 seconds.
  path: Assets/Imported Assets/Handpainted_Grass_and_Ground_Textures/Demo/terrain_layers/NewLayer 5.terrainlayer
  artifactKey: Guid(7642c1e1e32bf8745b61278680f19343) Importer(815301076,1909f56bfc062723c751e8b465ee728b)
Start importing Assets/Imported Assets/Handpainted_Grass_and_Ground_Textures/Demo/terrain_layers/NewLayer 5.terrainlayer using Guid(7642c1e1e32bf8745b61278680f19343) Importer(815301076,1909f56bfc062723c751e8b465ee728b)  -> (artifact id: 'eca2c169bd2205d5bd0c4d172c407b11') in 0.001291 seconds
Number of updated asset objects reloaded before import = 0
Number of asset objects unloaded after import = 1
========================================================================
Received Import Request.
  Time since last request: 0.000075 seconds.
  path: Assets/Imported Assets/Handpainted_Grass_and_Ground_Textures/Demo/terrain_layers/NewLayer 6.terrainlayer
  artifactKey: Guid(a10e5b40c5ea20c4cb975502d660f2f7) Importer(815301076,1909f56bfc062723c751e8b465ee728b)
Start importing Assets/Imported Assets/Handpainted_Grass_and_Ground_Textures/Demo/terrain_layers/NewLayer 6.terrainlayer using Guid(a10e5b40c5ea20c4cb975502d660f2f7) Importer(815301076,1909f56bfc062723c751e8b465ee728b)  -> (artifact id: '58dfb5fbf720a8079f3adefcec53abe9') in 0.001061 seconds
Number of updated asset objects reloaded before import = 0
Number of asset objects unloaded after import = 1
========================================================================
Received Import Request.
  Time since last request: 0.000099 seconds.
  path: Assets/Imported Assets/Handpainted_Grass_and_Ground_Textures/Demo/terrain_layers/NewLayer 7.terrainlayer
  artifactKey: Guid(de0b8db7bfd88a84b84cb144622fa9d4) Importer(815301076,1909f56bfc062723c751e8b465ee728b)
Start importing Assets/Imported Assets/Handpainted_Grass_and_Ground_Textures/Demo/terrain_layers/NewLayer 7.terrainlayer using Guid(de0b8db7bfd88a84b84cb144622fa9d4) Importer(815301076,1909f56bfc062723c751e8b465ee728b)  -> (artifact id: '41ec82570fae5fc30f20dc2525a45ac1') in 0.000928 seconds
Number of updated asset objects reloaded before import = 0
Number of asset objects unloaded after import = 1
========================================================================
Received Import Request.
  Time since last request: 0.000443 seconds.
  path: Assets/Imported Assets/Handpainted_Grass_and_Ground_Textures/Demo/terrain_layers/NewLayer 8.terrainlayer
  artifactKey: Guid(c8a0b31141c411940a86de22977c5a50) Importer(815301076,1909f56bfc062723c751e8b465ee728b)
Start importing Assets/Imported Assets/Handpainted_Grass_and_Ground_Textures/Demo/terrain_layers/NewLayer 8.terrainlayer using Guid(c8a0b31141c411940a86de22977c5a50) Importer(815301076,1909f56bfc062723c751e8b465ee728b)  -> (artifact id: 'be7a97838de66b1f89e0aa482b9449ac') in 0.000909 seconds
Number of updated asset objects reloaded before import = 0
Number of asset objects unloaded after import = 1
========================================================================
Received Import Request.
  Time since last request: 0.000253 seconds.
  path: Assets/Imported Assets/Handpainted_Grass_and_Ground_Textures/Demo/terrain_layers/NewLayer 9.terrainlayer
  artifactKey: Guid(ee3dd4d767854794a9aaa178ad33010e) Importer(815301076,1909f56bfc062723c751e8b465ee728b)
Start importing Assets/Imported Assets/Handpainted_Grass_and_Ground_Textures/Demo/terrain_layers/NewLayer 9.terrainlayer using Guid(ee3dd4d767854794a9aaa178ad33010e) Importer(815301076,1909f56bfc062723c751e8b465ee728b)  -> (artifact id: '8f6ace457858fcb01c801cd8e31e8730') in 0.000863 seconds
Number of updated asset objects reloaded before import = 0
Number of asset objects unloaded after import = 1
========================================================================
Received Import Request.
  Time since last request: 0.000244 seconds.
  path: Assets/Imported Assets/Handpainted_Grass_and_Ground_Textures/Demo/terrain_layers/NewLayer 10.terrainlayer
  artifactKey: Guid(112feed5f2078274db9d711316c8dab9) Importer(815301076,1909f56bfc062723c751e8b465ee728b)
Start importing Assets/Imported Assets/Handpainted_Grass_and_Ground_Textures/Demo/terrain_layers/NewLayer 10.terrainlayer using Guid(112feed5f2078274db9d711316c8dab9) Importer(815301076,1909f56bfc062723c751e8b465ee728b)  -> (artifact id: '2fae111c378d19d30d7993ddbbd7cc95') in 0.000942 seconds
Number of updated asset objects reloaded before import = 0
Number of asset objects unloaded after import = 1
========================================================================
Received Import Request.
  Time since last request: 0.000412 seconds.
  path: Assets/Imported Assets/Handpainted_Grass_and_Ground_Textures/Demo/terrain_layers/NewLayer 11.terrainlayer
  artifactKey: Guid(d416920543f84ac4fa1f3409560150b0) Importer(815301076,1909f56bfc062723c751e8b465ee728b)
Start importing Assets/Imported Assets/Handpainted_Grass_and_Ground_Textures/Demo/terrain_layers/NewLayer 11.terrainlayer using Guid(d416920543f84ac4fa1f3409560150b0) Importer(815301076,1909f56bfc062723c751e8b465ee728b)  -> (artifact id: '5a64d0b0a41a5e4a75dfe0c6813baec0') in 0.000909 seconds
Number of updated asset objects reloaded before import = 0
Number of asset objects unloaded after import = 1
========================================================================
Received Import Request.
  Time since last request: 0.000257 seconds.
  path: Assets/Imported Assets/Handpainted_Grass_and_Ground_Textures/Demo/terrain_layers/NewLayer 12.terrainlayer
  artifactKey: Guid(df118c77a8d6b1c4e9c234467f76217c) Importer(815301076,1909f56bfc062723c751e8b465ee728b)
Start importing Assets/Imported Assets/Handpainted_Grass_and_Ground_Textures/Demo/terrain_layers/NewLayer 12.terrainlayer using Guid(df118c77a8d6b1c4e9c234467f76217c) Importer(815301076,1909f56bfc062723c751e8b465ee728b)  -> (artifact id: 'dc2f2467ce1b777bcf06fb305923c516') in 0.000845 seconds
Number of updated asset objects reloaded before import = 0
Number of asset objects unloaded after import = 1
========================================================================
Received Import Request.
  Time since last request: 0.000302 seconds.
  path: Assets/Imported Assets/Handpainted_Grass_and_Ground_Textures/Demo/terrain_layers/NewLayer 13.terrainlayer
  artifactKey: Guid(0e4de40428c96f94297d5268d52bccf7) Importer(815301076,1909f56bfc062723c751e8b465ee728b)
Start importing Assets/Imported Assets/Handpainted_Grass_and_Ground_Textures/Demo/terrain_layers/NewLayer 13.terrainlayer using Guid(0e4de40428c96f94297d5268d52bccf7) Importer(815301076,1909f56bfc062723c751e8b465ee728b)  -> (artifact id: 'fab735450a3644a5bd2af3f594ea1d11') in 0.000834 seconds
Number of updated asset objects reloaded before import = 0
Number of asset objects unloaded after import = 1
========================================================================
Received Import Request.
  Time since last request: 0.000150 seconds.
  path: Assets/Imported Assets/Handpainted_Grass_and_Ground_Textures/Demo/terrain_layers/NewLayer 14.terrainlayer
  artifactKey: Guid(b60800acad8aee94c9282271be786969) Importer(815301076,1909f56bfc062723c751e8b465ee728b)
Start importing Assets/Imported Assets/Handpainted_Grass_and_Ground_Textures/Demo/terrain_layers/NewLayer 14.terrainlayer using Guid(b60800acad8aee94c9282271be786969) Importer(815301076,1909f56bfc062723c751e8b465ee728b)  -> (artifact id: '0b13500aec7f45057e8e999fe64cd51b') in 0.000975 seconds
Number of updated asset objects reloaded before import = 0
Number of asset objects unloaded after import = 1
========================================================================
Received Import Request.
  Time since last request: 0.058421 seconds.
  path: Assets/Imported Assets/Handpainted_Grass_and_Ground_Textures/Demo/terrain_layers/NewLayer 15.terrainlayer
  artifactKey: Guid(fe3d726d2c1bd4e459b57db1302ba8e6) Importer(815301076,1909f56bfc062723c751e8b465ee728b)
Start importing Assets/Imported Assets/Handpainted_Grass_and_Ground_Textures/Demo/terrain_layers/NewLayer 15.terrainlayer using Guid(fe3d726d2c1bd4e459b57db1302ba8e6) Importer(815301076,1909f56bfc062723c751e8b465ee728b)  -> (artifact id: '148b4469377a8eee506ab0de4087e692') in 0.001228 seconds
Number of updated asset objects reloaded before import = 0
Number of asset objects unloaded after import = 1
========================================================================
Received Import Request.
  Time since last request: 0.001529 seconds.
  path: Assets/Imported Assets/Handpainted_Grass_and_Ground_Textures/Demo/terrain_layers/NewLayer 17.terrainlayer
  artifactKey: Guid(b1000b2dde0267c4b847b099f9eb8647) Importer(815301076,1909f56bfc062723c751e8b465ee728b)
Start importing Assets/Imported Assets/Handpainted_Grass_and_Ground_Textures/Demo/terrain_layers/NewLayer 17.terrainlayer using Guid(b1000b2dde0267c4b847b099f9eb8647) Importer(815301076,1909f56bfc062723c751e8b465ee728b)  -> (artifact id: 'c7aad0cd8362f4af5d2c134d41cebdbf') in 0.001042 seconds
Number of updated asset objects reloaded before import = 0
Number of asset objects unloaded after import = 1
========================================================================
Received Import Request.
  Time since last request: 0.000054 seconds.
  path: Assets/Imported Assets/Handpainted_Grass_and_Ground_Textures/Demo/terrain_layers/NewLayer 18.terrainlayer
  artifactKey: Guid(00b8d645b2b347942a3abcd3082f1f64) Importer(815301076,1909f56bfc062723c751e8b465ee728b)
Start importing Assets/Imported Assets/Handpainted_Grass_and_Ground_Textures/Demo/terrain_layers/NewLayer 18.terrainlayer using Guid(00b8d645b2b347942a3abcd3082f1f64) Importer(815301076,1909f56bfc062723c751e8b465ee728b)  -> (artifact id: '50b0288b5169e1dec123cba21601d27f') in 0.000959 seconds
Number of updated asset objects reloaded before import = 0
Number of asset objects unloaded after import = 1
========================================================================
Received Import Request.
  Time since last request: 0.000256 seconds.
  path: Assets/Imported Assets/Handpainted_Grass_and_Ground_Textures/Demo/terrain_layers/NewLayer 19.terrainlayer
  artifactKey: Guid(225ce8ee6d06c63469219114c9a8bbfa) Importer(815301076,1909f56bfc062723c751e8b465ee728b)
Start importing Assets/Imported Assets/Handpainted_Grass_and_Ground_Textures/Demo/terrain_layers/NewLayer 19.terrainlayer using Guid(225ce8ee6d06c63469219114c9a8bbfa) Importer(815301076,1909f56bfc062723c751e8b465ee728b)  -> (artifact id: '24256979b51309d9be1accce0e6a1f66') in 0.000926 seconds
Number of updated asset objects reloaded before import = 0
Number of asset objects unloaded after import = 1
========================================================================
Received Import Request.
  Time since last request: 0.000502 seconds.
  path: Assets/Imported Assets/Handpainted_Grass_and_Ground_Textures/Demo/terrain_layers/NewLayer 20.terrainlayer
  artifactKey: Guid(829a9ef833837a142947c8c6c1626bbc) Importer(815301076,1909f56bfc062723c751e8b465ee728b)
Start importing Assets/Imported Assets/Handpainted_Grass_and_Ground_Textures/Demo/terrain_layers/NewLayer 20.terrainlayer using Guid(829a9ef833837a142947c8c6c1626bbc) Importer(815301076,1909f56bfc062723c751e8b465ee728b)  -> (artifact id: '922b68e7670b019b1dd7b6eac1bd7694') in 0.000942 seconds
Number of updated asset objects reloaded before import = 0
Number of asset objects unloaded after import = 1
========================================================================
Received Import Request.
  Time since last request: 0.000300 seconds.
  path: Assets/Imported Assets/Handpainted_Grass_and_Ground_Textures/Demo/terrain_layers/NewLayer 21.terrainlayer
  artifactKey: Guid(e8c2080d77c5c1b48998cca24d2c0ce2) Importer(815301076,1909f56bfc062723c751e8b465ee728b)
Start importing Assets/Imported Assets/Handpainted_Grass_and_Ground_Textures/Demo/terrain_layers/NewLayer 21.terrainlayer using Guid(e8c2080d77c5c1b48998cca24d2c0ce2) Importer(815301076,1909f56bfc062723c751e8b465ee728b)  -> (artifact id: '57007907cbc38070c4f30f663e5fa888') in 0.000863 seconds
Number of updated asset objects reloaded before import = 0
Number of asset objects unloaded after import = 1
========================================================================
Received Import Request.
  Time since last request: 0.000351 seconds.
  path: Assets/Imported Assets/Handpainted_Grass_and_Ground_Textures/Demo/terrain_layers/NewLayer 22.terrainlayer
  artifactKey: Guid(1b7b821aade1d00429607702c5680c3a) Importer(815301076,1909f56bfc062723c751e8b465ee728b)
Start importing Assets/Imported Assets/Handpainted_Grass_and_Ground_Textures/Demo/terrain_layers/NewLayer 22.terrainlayer using Guid(1b7b821aade1d00429607702c5680c3a) Importer(815301076,1909f56bfc062723c751e8b465ee728b)  -> (artifact id: '91cc316a4538dce7950681c842891a1b') in 0.000969 seconds
Number of updated asset objects reloaded before import = 0
Number of asset objects unloaded after import = 1
========================================================================
Received Import Request.
  Time since last request: 0.000221 seconds.
  path: Assets/Imported Assets/Handpainted_Grass_and_Ground_Textures/Demo/terrain_layers/NewLayer 23.terrainlayer
  artifactKey: Guid(9aebfb395263daf41b5b513323aa0960) Importer(815301076,1909f56bfc062723c751e8b465ee728b)
Start importing Assets/Imported Assets/Handpainted_Grass_and_Ground_Textures/Demo/terrain_layers/NewLayer 23.terrainlayer using Guid(9aebfb395263daf41b5b513323aa0960) Importer(815301076,1909f56bfc062723c751e8b465ee728b)  -> (artifact id: '6dfab51257b26b9fb878456490c6687c') in 0.001009 seconds
Number of updated asset objects reloaded before import = 0
Number of asset objects unloaded after import = 1
========================================================================
Received Import Request.
  Time since last request: 0.000738 seconds.
  path: Assets/Imported Assets/Handpainted_Grass_and_Ground_Textures/Demo/terrain_layers/NewLayer 24.terrainlayer
  artifactKey: Guid(23409d7dcf8b49e4eb2f07582a35cb3d) Importer(815301076,1909f56bfc062723c751e8b465ee728b)
Start importing Assets/Imported Assets/Handpainted_Grass_and_Ground_Textures/Demo/terrain_layers/NewLayer 24.terrainlayer using Guid(23409d7dcf8b49e4eb2f07582a35cb3d) Importer(815301076,1909f56bfc062723c751e8b465ee728b)  -> (artifact id: '0924bfdb5227dd18eb388597d27e43fc') in 0.000946 seconds
Number of updated asset objects reloaded before import = 0
Number of asset objects unloaded after import = 1
========================================================================
Received Import Request.
  Time since last request: 1.237176 seconds.
  path: Assets/Imported Assets/Handpainted_Grass_and_Ground_Textures/Demo/terrain_layers/NewLayer 25.terrainlayer
  artifactKey: Guid(45a98ed8a47f7084994a0f15e88c6b36) Importer(815301076,1909f56bfc062723c751e8b465ee728b)
Start importing Assets/Imported Assets/Handpainted_Grass_and_Ground_Textures/Demo/terrain_layers/NewLayer 25.terrainlayer using Guid(45a98ed8a47f7084994a0f15e88c6b36) Importer(815301076,1909f56bfc062723c751e8b465ee728b)  -> (artifact id: '4092011b1aaba7ab34fed6d27b5e6c91') in 0.001683 seconds
Number of updated asset objects reloaded before import = 0
Number of asset objects unloaded after import = 1
========================================================================
Received Import Request.
  Time since last request: 0.000345 seconds.
  path: Assets/Imported Assets/Handpainted_Grass_and_Ground_Textures/Demo/terrain_layers/NewLayer 26.terrainlayer
  artifactKey: Guid(b7f299a22e2c71641bf5605ebbefdffa) Importer(815301076,1909f56bfc062723c751e8b465ee728b)
Start importing Assets/Imported Assets/Handpainted_Grass_and_Ground_Textures/Demo/terrain_layers/NewLayer 26.terrainlayer using Guid(b7f299a22e2c71641bf5605ebbefdffa) Importer(815301076,1909f56bfc062723c751e8b465ee728b)  -> (artifact id: '93c5994f8a1a3ed9365d7a2f764ec285') in 0.001620 seconds
Number of updated asset objects reloaded before import = 0
Number of asset objects unloaded after import = 1
========================================================================
Received Import Request.
  Time since last request: 63.285537 seconds.
  path: Assets/Imported Assets/Handpainted_Grass_and_Ground_Textures/Textures
  artifactKey: Guid(547dc1e76fb957e40b1d76175f4d934c) Importer(815301076,1909f56bfc062723c751e8b465ee728b)
Start importing Assets/Imported Assets/Handpainted_Grass_and_Ground_Textures/Textures using Guid(547dc1e76fb957e40b1d76175f4d934c) Importer(815301076,1909f56bfc062723c751e8b465ee728b)  -> (artifact id: '4da0d4446c794762331e2960f92daba7') in 0.009353 seconds
Number of updated asset objects reloaded before import = 0
Number of asset objects unloaded after import = 0
========================================================================
Received Import Request.
  Time since last request: 5332.580302 seconds.
  path: Assets/Imported Assets/Handpainted_Grass_and_Ground_Textures/Demo/Materials/Material_Grass_overcorrupted.mat
  artifactKey: Guid(ba17272ce492ff74a934b37c50250d08) Importer(815301076,1909f56bfc062723c751e8b465ee728b)
Start importing Assets/Imported Assets/Handpainted_Grass_and_Ground_Textures/Demo/Materials/Material_Grass_overcorrupted.mat using Guid(ba17272ce492ff74a934b37c50250d08) Importer(815301076,1909f56bfc062723c751e8b465ee728b)  -> (artifact id: 'c3f0e628fe0d6005063ddfde7807939e') in 0.092055 seconds
Number of updated asset objects reloaded before import = 0
Number of asset objects unloaded after import = 2
========================================================================
Received Import Request.
  Time since last request: 0.000019 seconds.
  path: Assets/Imported Assets/SimpleNaturePack/Materials/SimpleNaturePack_Texture_01.mat
  artifactKey: Guid(93caadf4359ae8143aad35b3145d31af) Importer(815301076,1909f56bfc062723c751e8b465ee728b)
Start importing Assets/Imported Assets/SimpleNaturePack/Materials/SimpleNaturePack_Texture_01.mat using Guid(93caadf4359ae8143aad35b3145d31af) Importer(815301076,1909f56bfc062723c751e8b465ee728b)  -> (artifact id: '9b37a4af048df9e7a505af4ff9bc7172') in 0.010833 seconds
Number of updated asset objects reloaded before import = 0
Number of asset objects unloaded after import = 2
========================================================================
Received Import Request.
  Time since last request: 0.000021 seconds.
  path: Assets/Imported Assets/SimpleNaturePack/Materials/SimpleNaturePack_BG.mat
  artifactKey: Guid(886ecf0ee44718246aa083d8aad49b79) Importer(815301076,1909f56bfc062723c751e8b465ee728b)
Start importing Assets/Imported Assets/SimpleNaturePack/Materials/SimpleNaturePack_BG.mat using Guid(886ecf0ee44718246aa083d8aad49b79) Importer(815301076,1909f56bfc062723c751e8b465ee728b)  -> (artifact id: '75a0f1b6eb6a3c37091058d22c35459b') in 0.014398 seconds
Number of updated asset objects reloaded before import = 0
Number of asset objects unloaded after import = 1
========================================================================
Received Import Request.
  Time since last request: 0.000013 seconds.
  path: Assets/TextMesh Pro/Examples & Extras/Resources/Fonts & Materials/Roboto-Bold SDF - Surface.mat
  artifactKey: Guid(e6b276ec991f467aa14ef1f3cc665993) Importer(815301076,1909f56bfc062723c751e8b465ee728b)
Start importing Assets/TextMesh Pro/Examples & Extras/Resources/Fonts & Materials/Roboto-Bold SDF - Surface.mat using Guid(e6b276ec991f467aa14ef1f3cc665993) Importer(815301076,1909f56bfc062723c751e8b465ee728b)  -> (artifact id: 'b33f374a557e5b14626aace8df20a33a') in 0.107202 seconds
Number of updated asset objects reloaded before import = 0
Number of asset objects unloaded after import = 2
Editor requested this worker to shutdown with reason: Scaling down because of idle timeout
TcpMessagingSession - receive error: operation aborted. errorcode: 995, details:  /   -       .
AssetImportWorker is now disconnected from the server
Process exiting
Exiting without the bug reporter. Application will terminate with return code 0